::1 - - [23/May/2020:10:20:49 +0000] "GET / HTTP/1.1" 304 - "-" "Mozilla/5.0 (Windows NT 10.0; Win64; x64) AppleWebKit/537.36 (KHTML, like Gecko) Chrome/81.0.4044.138 Safari/537.36"
::1 - - [23/May/2020:10:51:46 +0000] "GET / HTTP/1.1" 304 - "-" "Mozilla/5.0 (Windows NT 10.0; Win64; x64) AppleWebKit/537.36 (KHTML, like Gecko) Chrome/81.0.4044.138 Safari/537.36"
::1 - - [23/May/2020:10:52:06 +0000] "GET /download-video?videoId=DCyx9MdbUvc&videoTitle=Dethemiros&channelName=Kemar HTTP/1.1" 500 1483 "http://localhost:8080/" "Mozilla/5.0 (Windows NT 10.0; Win64; x64) AppleWebKit/537.36 (KHTML, like Gecko) Chrome/81.0.4044.138 Safari/537.36"
::1 - - [23/May/2020:10:52:27 +0000] "GET /download-video?videoId=DCyx9MdbUvc&videoTitle=Dethemiros&channelName=Kemar HTTP/1.1" 500 1483 "-" "Mozilla/5.0 (Windows NT 10.0; Win64; x64) AppleWebKit/537.36 (KHTML, like Gecko) Chrome/81.0.4044.138 Safari/537.36"
::1 - - [23/May/2020:10:54:10 +0000] "GET /download-video?videoId=DCyx9MdbUvc&videoTitle=Dethemiros&channelName=Kemar HTTP/1.1" 200 - "-" "Mozilla/5.0 (Windows NT 10.0; Win64; x64) AppleWebKit/537.36 (KHTML, like Gecko) Chrome/81.0.4044.138 Safari/537.36"
::1 - - [23/May/2020:10:54:24 +0000] "GET /download-video?videoId=DCyx9MdbUvc&videoTitle=Dethemiros&channelName=Kemar HTTP/1.1" 200 - "-" "Mozilla/5.0 (Windows NT 10.0; Win64; x64) AppleWebKit/537.36 (KHTML, like Gecko) Chrome/81.0.4044.138 Safari/537.36"
::1 - - [23/May/2020:10:58:45 +0000] "GET /download-video?videoId=DCyx9MdbUvc&videoTitle=Dethemiros&channelName=Kemar HTTP/1.1" 200 - "http://localhost:8080/" "Mozilla/5.0 (Windows NT 10.0; Win64; x64) AppleWebKit/537.36 (KHTML, like Gecko) Chrome/81.0.4044.138 Safari/537.36"
::1 - - [23/May/2020:11:03:18 +0000] "GET /download-video?videoId=DCyx9MdbUvc&videoTitle=Dethemiros&channelName=Kemar HTTP/1.1" 200 - "http://localhost:8080/" "Mozilla/5.0 (Windows NT 10.0; Win64; x64) AppleWebKit/537.36 (KHTML, like Gecko) Chrome/81.0.4044.138 Safari/537.36"
::1 - - [23/May/2020:11:10:05 +0000] "GET /download-video?videoId=DCyx9MdbUvc&videoTitle=Dethemiros&channelName=Kemar HTTP/1.1" 200 - "-" "Mozilla/5.0 (Windows NT 10.0; Win64; x64) AppleWebKit/537.36 (KHTML, like Gecko) Chrome/81.0.4044.138 Safari/537.36"
::1 - - [23/May/2020:11:10:29 +0000] "GET /download-video?videoId=DCyx9MdbUvc&videoTitle=Dethemiros&channelName=Kemar HTTP/1.1" 200 - "-" "Mozilla/5.0 (Windows NT 10.0; Win64; x64) AppleWebKit/537.36 (KHTML, like Gecko) Chrome/81.0.4044.138 Safari/537.36"
::1 - - [23/May/2020:11:12:31 +0000] "GET /download-video?videoId=DCyx9MdbUvc&videoTitle=Dethemiros&channelName=Kemar HTTP/1.1" 200 - "-" "Mozilla/5.0 (Windows NT 10.0; Win64; x64) AppleWebKit/537.36 (KHTML, like Gecko) Chrome/81.0.4044.138 Safari/537.36"
::1 - - [23/May/2020:11:13:14 +0000] "GET /download-video?videoId=DCyx9MdbUvc&videoTitle=Dethemiros&channelName=Kemar HTTP/1.1" 200 - "http://localhost:8080/" "Mozilla/5.0 (Windows NT 10.0; Win64; x64) AppleWebKit/537.36 (KHTML, like Gecko) Chrome/81.0.4044.138 Safari/537.36"
::1 - - [23/May/2020:11:14:39 +0000] "GET /download-video?videoId=DCyx9MdbUvc&videoTitle=Dethemiros&channelName=Kemar HTTP/1.1" 200 - "http://localhost:8080/" "Mozilla/5.0 (Windows NT 10.0; Win64; x64) AppleWebKit/537.36 (KHTML, like Gecko) Chrome/81.0.4044.138 Safari/537.36"
::1 - - [23/May/2020:11:14:50 +0000] "GET /download-video?videoId=DCyx9MdbUvc&videoTitle=Dethemiros&channelName=Kemar HTTP/1.1" 200 - "http://localhost:8080/" "Mozilla/5.0 (Windows NT 10.0; Win64; x64) AppleWebKit/537.36 (KHTML, like Gecko) Chrome/81.0.4044.138 Safari/537.36"
::1 - - [23/May/2020:11:15:28 +0000] "GET /download-video?videoId=DCyx9MdbUvc&videoTitle=Dethemiros&channelName=Kemar HTTP/1.1" 200 4392199 "http://localhost:8080/" "Mozilla/5.0 (Windows NT 10.0; Win64; x64) AppleWebKit/537.36 (KHTML, like Gecko) Chrome/81.0.4044.138 Safari/537.36"
::1 - - [23/May/2020:11:15:30 +0000] "GET /download-video?videoId=DCyx9MdbUvc&videoTitle=Dethemiros&channelName=Kemar HTTP/1.1" 200 4392199 "http://localhost:8080/" "Mozilla/5.0 (Windows NT 10.0; Win64; x64) AppleWebKit/537.36 (KHTML, like Gecko) Chrome/81.0.4044.138 Safari/537.36"
::1 - - [23/May/2020:11:15:35 +0000] "GET /download-video?videoId=DCyx9MdbUvc&videoTitle=Dethemiros&channelName=Kemar HTTP/1.1" 200 4392199 "http://localhost:8080/" "Mozilla/5.0 (Windows NT 10.0; Win64; x64) AppleWebKit/537.36 (KHTML, like Gecko) Chrome/81.0.4044.138 Safari/537.36"
::1 - - [23/May/2020:11:15:44 +0000] "GET /download-video?videoId=DCyx9MdbUvc&videoTitle=Dethemiros&channelName=Kemar HTTP/1.1" 200 - "http://localhost:8080/" "Mozilla/5.0 (Windows NT 10.0; Win64; x64) AppleWebKit/537.36 (KHTML, like Gecko) Chrome/81.0.4044.138 Safari/537.36"
::1 - - [23/May/2020:11:16:49 +0000] "GET /download-video?videoId=DCyx9MdbUvc&videoTitle=Dethemiros&channelName=Kemar HTTP/1.1" 200 - "http://localhost:8080/" "Mozilla/5.0 (Windows NT 10.0; Win64; x64) AppleWebKit/537.36 (KHTML, like Gecko) Chrome/81.0.4044.138 Safari/537.36"
::1 - - [23/May/2020:11:19:55 +0000] "GET /download-video?videoId=DCyx9MdbUvc&videoTitle=Dethemiros&channelName=Kemar HTTP/1.1" 200 4392199 "-" "Mozilla/5.0 (Windows NT 10.0; Win64; x64) AppleWebKit/537.36 (KHTML, like Gecko) Chrome/81.0.4044.138 Safari/537.36"
::1 - - [23/May/2020:11:22:37 +0000] "GET /download-video?videoId=DCyx9MdbUvc&videoTitle=Dethemiros&channelName=Kemar HTTP/1.1" 200 4392199 "http://localhost:8080/" "Mozilla/5.0 (Windows NT 10.0; Win64; x64) AppleWebKit/537.36 (KHTML, like Gecko) Chrome/81.0.4044.138 Safari/537.36"
::1 - - [23/May/2020:11:22:41 +0000] "GET /download-video?videoId=DCyx9MdbUvc&videoTitle=Dethemiros&channelName=Kemar HTTP/1.1" 200 - "http://localhost:8080/" "Mozilla/5.0 (Windows NT 10.0; Win64; x64) AppleWebKit/537.36 (KHTML, like Gecko) Chrome/81.0.4044.138 Safari/537.36"
::1 - - [23/May/2020:11:25:46 +0000] "GET /download-video?videoId=DCyx9MdbUvc&videoTitle=Dethemiros&channelName=Kemar HTTP/1.1" 200 - "http://localhost:8080/" "Mozilla/5.0 (Windows NT 10.0; Win64; x64) AppleWebKit/537.36 (KHTML, like Gecko) Chrome/81.0.4044.138 Safari/537.36"
::1 - - [23/May/2020:11:26:02 +0000] "GET /download-video?videoId=DCyx9MdbUvc&videoTitle=Dethemiros&channelName=Kemar HTTP/1.1" 200 4392199 "http://localhost:8080/" "Mozilla/5.0 (Windows NT 10.0; Win64; x64) AppleWebKit/537.36 (KHTML, like Gecko) Chrome/81.0.4044.138 Safari/537.36"
::1 - - [23/May/2020:11:26:06 +0000] "GET /download-video?videoId=DCyx9MdbUvc&videoTitle=Dethemiros&channelName=Kemar HTTP/1.1" 200 4392199 "http://localhost:8080/" "Mozilla/5.0 (Windows NT 10.0; Win64; x64) AppleWebKit/537.36 (KHTML, like Gecko) Chrome/81.0.4044.138 Safari/537.36"
::1 - - [23/May/2020:11:26:20 +0000] "GET /download-video?videoId=gRPtJHJyFeo&videoTitle=Les+Recettes+%C3%80+%C3%89ric+-+Le+Saucisse+Lentilles&channelName=Kemar HTTP/1.1" 200 - "http://localhost:8080/" "Mozilla/5.0 (Windows NT 10.0; Win64; x64) AppleWebKit/537.36 (KHTML, like Gecko) Chrome/81.0.4044.138 Safari/537.36"
::1 - - [23/May/2020:11:28:39 +0000] "GET /download-video?videoId=DCyx9MdbUvc&videoTitle=Dethemiros&channelName=Kemar HTTP/1.1" 200 - "http://localhost:8080/" "Mozilla/5.0 (Windows NT 10.0; Win64; x64) AppleWebKit/537.36 (KHTML, like Gecko) Chrome/81.0.4044.138 Safari/537.36"
::1 - - [23/May/2020:11:28:55 +0000] "GET /download-video?videoId=DCyx9MdbUvc&videoTitle=Dethemiros&channelName=Kemar HTTP/1.1" 200 - "http://localhost:8080/" "Mozilla/5.0 (Windows NT 10.0; Win64; x64) AppleWebKit/537.36 (KHTML, like Gecko) Chrome/81.0.4044.138 Safari/537.36"
::1 - - [23/May/2020:11:29:05 +0000] "GET /download-video?videoId=DCyx9MdbUvc&videoTitle=Dethemiros&channelName=Kemar HTTP/1.1" 200 4392199 "http://localhost:8080/" "Mozilla/5.0 (Windows NT 10.0; Win64; x64) AppleWebKit/537.36 (KHTML, like Gecko) Chrome/81.0.4044.138 Safari/537.36"
::1 - - [23/May/2020:11:29:09 +0000] "GET /download-video?videoId=DCyx9MdbUvc&videoTitle=Dethemiros&channelName=Kemar HTTP/1.1" 200 4392199 "http://localhost:8080/" "Mozilla/5.0 (Windows NT 10.0; Win64; x64) AppleWebKit/537.36 (KHTML, like Gecko) Chrome/81.0.4044.138 Safari/537.36"
::1 - - [23/May/2020:11:29:10 +0000] "GET /download-video?videoId=DCyx9MdbUvc&videoTitle=Dethemiros&channelName=Kemar HTTP/1.1" 200 4392199 "http://localhost:8080/" "Mozilla/5.0 (Windows NT 10.0; Win64; x64) AppleWebKit/537.36 (KHTML, like Gecko) Chrome/81.0.4044.138 Safari/537.36"
::1 - - [23/May/2020:11:29:11 +0000] "GET /download-video?videoId=DCyx9MdbUvc&videoTitle=Dethemiros&channelName=Kemar HTTP/1.1" 200 4392199 "http://localhost:8080/" "Mozilla/5.0 (Windows NT 10.0; Win64; x64) AppleWebKit/537.36 (KHTML, like Gecko) Chrome/81.0.4044.138 Safari/537.36"
::1 - - [23/May/2020:11:29:11 +0000] "GET /download-video?videoId=DCyx9MdbUvc&videoTitle=Dethemiros&channelName=Kemar HTTP/1.1" 200 4392199 "http://localhost:8080/" "Mozilla/5.0 (Windows NT 10.0; Win64; x64) AppleWebKit/537.36 (KHTML, like Gecko) Chrome/81.0.4044.138 Safari/537.36"
::1 - - [23/May/2020:11:31:58 +0000] "GET /download-video?videoId=DCyx9MdbUvc&videoTitle=Dethemiros&channelName=Kemar HTTP/1.1" 404 258 "http://localhost:8080/" "Mozilla/5.0 (Windows NT 10.0; Win64; x64) AppleWebKit/537.36 (KHTML, like Gecko) Chrome/81.0.4044.138 Safari/537.36"
::1 - - [23/May/2020:11:34:22 +0000] "GET /download-video?videoId=DCyx9MdbUvc&videoTitle=Dethemiros&channelName=Kemar HTTP/1.1" 200 - "http://localhost:8080/" "Mozilla/5.0 (Windows NT 10.0; Win64; x64) AppleWebKit/537.36 (KHTML, like Gecko) Chrome/81.0.4044.138 Safari/537.36"
::1 - - [23/May/2020:11:35:32 +0000] "GET /download-video?videoId=DCyx9MdbUvc&videoTitle=Dethemiros&channelName=Kemar HTTP/1.1" 200 - "http://localhost:8080/" "Mozilla/5.0 (Windows NT 10.0; Win64; x64) AppleWebKit/537.36 (KHTML, like Gecko) Chrome/81.0.4044.138 Safari/537.36"
::1 - - [23/May/2020:11:35:57 +0000] "GET /download-video?videoId=DCyx9MdbUvc&videoTitle=Dethemiros&channelName=Kemar HTTP/1.1" 200 - "http://localhost:8080/" "Mozilla/5.0 (Windows NT 10.0; Win64; x64) AppleWebKit/537.36 (KHTML, like Gecko) Chrome/81.0.4044.138 Safari/537.36"
::1 - - [23/May/2020:11:36:51 +0000] "GET /download-video?videoId=DCyx9MdbUvc&videoTitle=Dethemiros&channelName=Kemar HTTP/1.1" 200 4392199 "http://localhost:8080/" "Mozilla/5.0 (Windows NT 10.0; Win64; x64) AppleWebKit/537.36 (KHTML, like Gecko) Chrome/81.0.4044.138 Safari/537.36"
::1 - - [23/May/2020:11:37:22 +0000] "GET /download-video?videoId=DCyx9MdbUvc&videoTitle=Dethemiros&channelName=Kemar HTTP/1.1" 200 - "http://localhost:8080/" "Mozilla/5.0 (Windows NT 10.0; Win64; x64) AppleWebKit/537.36 (KHTML, like Gecko) Chrome/81.0.4044.138 Safari/537.36"
::1 - - [23/May/2020:11:37:43 +0000] "GET /download-video?videoId=DCyx9MdbUvc&videoTitle=Dethemiros&channelName=Kemar HTTP/1.1" 200 - "http://localhost:8080/" "Mozilla/5.0 (Windows NT 10.0; Win64; x64) AppleWebKit/537.36 (KHTML, like Gecko) Chrome/81.0.4044.138 Safari/537.36"
::1 - - [23/May/2020:11:37:44 +0000] "GET /download-video?videoId=DCyx9MdbUvc&videoTitle=Dethemiros&channelName=Kemar HTTP/1.1" 200 - "http://localhost:8080/" "Mozilla/5.0 (Windows NT 10.0; Win64; x64) AppleWebKit/537.36 (KHTML, like Gecko) Chrome/81.0.4044.138 Safari/537.36"
::1 - - [23/May/2020:11:37:44 +0000] "GET /download-video?videoId=DCyx9MdbUvc&videoTitle=Dethemiros&channelName=Kemar HTTP/1.1" 200 4392199 "http://localhost:8080/" "Mozilla/5.0 (Windows NT 10.0; Win64; x64) AppleWebKit/537.36 (KHTML, like Gecko) Chrome/81.0.4044.138 Safari/537.36"
::1 - - [23/May/2020:11:37:45 +0000] "GET /download-video?videoId=DCyx9MdbUvc&videoTitle=Dethemiros&channelName=Kemar HTTP/1.1" 200 4392199 "http://localhost:8080/" "Mozilla/5.0 (Windows NT 10.0; Win64; x64) AppleWebKit/537.36 (KHTML, like Gecko) Chrome/81.0.4044.138 Safari/537.36"
::1 - - [23/May/2020:11:37:45 +0000] "GET /download-video?videoId=DCyx9MdbUvc&videoTitle=Dethemiros&channelName=Kemar HTTP/1.1" 200 - "http://localhost:8080/" "Mozilla/5.0 (Windows NT 10.0; Win64; x64) AppleWebKit/537.36 (KHTML, like Gecko) Chrome/81.0.4044.138 Safari/537.36"
::1 - - [23/May/2020:11:37:46 +0000] "GET /download-video?videoId=DCyx9MdbUvc&videoTitle=Dethemiros&channelName=Kemar HTTP/1.1" 200 4392199 "http://localhost:8080/" "Mozilla/5.0 (Windows NT 10.0; Win64; x64) AppleWebKit/537.36 (KHTML, like Gecko) Chrome/81.0.4044.138 Safari/537.36"
::1 - - [23/May/2020:11:37:46 +0000] "GET /download-video?videoId=DCyx9MdbUvc&videoTitle=Dethemiros&channelName=Kemar HTTP/1.1" 200 4392199 "http://localhost:8080/" "Mozilla/5.0 (Windows NT 10.0; Win64; x64) AppleWebKit/537.36 (KHTML, like Gecko) Chrome/81.0.4044.138 Safari/537.36"
::1 - - [23/May/2020:11:37:47 +0000] "GET /download-video?videoId=DCyx9MdbUvc&videoTitle=Dethemiros&channelName=Kemar HTTP/1.1" 200 - "http://localhost:8080/" "Mozilla/5.0 (Windows NT 10.0; Win64; x64) AppleWebKit/537.36 (KHTML, like Gecko) Chrome/81.0.4044.138 Safari/537.36"
::1 - - [23/May/2020:11:42:07 +0000] "GET /download-video?videoId=DCyx9MdbUvc&videoTitle=Dethemiros&channelName=Kemar HTTP/1.1" 200 - "-" "Mozilla/5.0 (Windows NT 10.0; Win64; x64) AppleWebKit/537.36 (KHTML, like Gecko) Chrome/81.0.4044.138 Safari/537.36"
::1 - - [23/May/2020:11:42:16 +0000] "GET /download-video?videoId=DCyx9MdbUvc&videoTitle=Dethemiros&channelName=Kemar HTTP/1.1" 200 4392199 "http://localhost:8080/" "Mozilla/5.0 (Windows NT 10.0; Win64; x64) AppleWebKit/537.36 (KHTML, like Gecko) Chrome/81.0.4044.138 Safari/537.36"
::1 - - [23/May/2020:11:53:52 +0000] "GET /download-video?videoId=DCyx9MdbUvc&videoTitle=Dethemiros&channelName=Kemar HTTP/1.1" 200 4392199 "-" "Mozilla/5.0 (Windows NT 10.0; Win64; x64) AppleWebKit/537.36 (KHTML, like Gecko) Chrome/81.0.4044.138 Safari/537.36"
::1 - - [23/May/2020:11:54:02 +0000] "GET /download-video?videoId=DCyx9MdbUvc&videoTitle=Dethemiros&channelName=Kemar HTTP/1.1" 200 - "http://localhost:8080/" "Mozilla/5.0 (Windows NT 10.0; Win64; x64) AppleWebKit/537.36 (KHTML, like Gecko) Chrome/81.0.4044.138 Safari/537.36"
::1 - - [23/May/2020:12:17:33 +0000] "GET /download-video?videoId=DCyx9MdbUvc&videoTitle=Dethemiros&channelName=Kemar HTTP/1.1" 500 1559 "-" "Mozilla/5.0 (Windows NT 10.0; Win64; x64) AppleWebKit/537.36 (KHTML, like Gecko) Chrome/81.0.4044.138 Safari/537.36"
::1 - - [23/May/2020:12:17:54 +0000] "GET /download-video?videoId=DCyx9MdbUvc&videoTitle=Dethemiros&channelName=Kemar HTTP/1.1" 500 1585 "-" "Mozilla/5.0 (Windows NT 10.0; Win64; x64) AppleWebKit/537.36 (KHTML, like Gecko) Chrome/81.0.4044.138 Safari/537.36"
::1 - - [23/May/2020:12:20:35 +0000] "GET /download-video?videoId=DCyx9MdbUvc&videoTitle=Dethemiros&channelName=Kemar HTTP/1.1" 500 1377 "-" "Mozilla/5.0 (Windows NT 10.0; Win64; x64) AppleWebKit/537.36 (KHTML, like Gecko) Chrome/81.0.4044.138 Safari/537.36"
::1 - - [23/May/2020:12:21:09 +0000] "GET /download-video?videoId=DCyx9MdbUvc&videoTitle=Dethemiros&channelName=Kemar HTTP/1.1" 200 126 "-" "Mozilla/5.0 (Windows NT 10.0; Win64; x64) AppleWebKit/537.36 (KHTML, like Gecko) Chrome/81.0.4044.138 Safari/537.36"
::1 - - [23/May/2020:12:23:27 +0000] "GET /download-video?videoId=DCyx9MdbUvc&videoTitle=Dethemiros&channelName=Kemar HTTP/1.1" 500 158 "-" "Mozilla/5.0 (Windows NT 10.0; Win64; x64) AppleWebKit/537.36 (KHTML, like Gecko) Chrome/81.0.4044.138 Safari/537.36"
::1 - - [23/May/2020:12:27:23 +0000] "GET /download-video?videoId=DCyx9MdbUvc&videoTitle=Dethemiros&channelName=Kemar HTTP/1.1" - - "-" "Mozilla/5.0 (Windows NT 10.0; Win64; x64) AppleWebKit/537.36 (KHTML, like Gecko) Chrome/81.0.4044.138 Safari/537.36"
::1 - - [23/May/2020:12:27:47 +0000] "GET /download-video?videoId=DCyx9MdbUvc&videoTitle=Dethemiros&channelName=Kemar HTTP/1.1" - - "-" "Mozilla/5.0 (Windows NT 10.0; Win64; x64) AppleWebKit/537.36 (KHTML, like Gecko) Chrome/81.0.4044.138 Safari/537.36"
::1 - - [23/May/2020:12:27:53 +0000] "GET /download-video?videoId=DCyx9MdbUvc&videoTitle=Dethemiros&channelName=Kemar HTTP/1.1" 200 126 "-" "Mozilla/5.0 (Windows NT 10.0; Win64; x64) AppleWebKit/537.36 (KHTML, like Gecko) Chrome/81.0.4044.138 Safari/537.36"
::1 - - [23/May/2020:12:28:19 +0000] "GET /download-video?videoId=DCyx9MdbUvc&videoTitle=Dethemiros&channelName=Kemar HTTP/1.1" 200 126 "http://localhost:8080/" "Mozilla/5.0 (Windows NT 10.0; Win64; x64) AppleWebKit/537.36 (KHTML, like Gecko) Chrome/81.0.4044.138 Safari/537.36"
::1 - - [23/May/2020:12:28:23 +0000] "GET /download-video?videoId=DCyx9MdbUvc&videoTitle=Dethemiros&channelName=Kemar HTTP/1.1" 200 126 "http://localhost:8080/" "Mozilla/5.0 (Windows NT 10.0; Win64; x64) AppleWebKit/537.36 (KHTML, like Gecko) Chrome/81.0.4044.138 Safari/537.36"
::1 - - [23/May/2020:12:30:40 +0000] "GET /download-video?videoId=DCyx9MdbUvc&videoTitle=Dethemiros&channelName=Kemar HTTP/1.1" 200 - "-" "Mozilla/5.0 (Windows NT 10.0; Win64; x64) AppleWebKit/537.36 (KHTML, like Gecko) Chrome/81.0.4044.138 Safari/537.36"
::1 - - [23/May/2020:12:32:09 +0000] "GET /download-video?videoId=DCyx9MdbUvc&videoTitle=Dethemiros&channelName=Kemar HTTP/1.1" - - "-" "Mozilla/5.0 (Windows NT 10.0; Win64; x64) AppleWebKit/537.36 (KHTML, like Gecko) Chrome/81.0.4044.138 Safari/537.36"
::ffff:127.0.0.1 - - [23/May/2020:12:32:41 +0000] "GET /download-video?videoId=DCyx9MdbUvc&videoTitle=Dethemiros&channelName=Kemar HTTP/1.1" 200 126 "-" "Mozilla/5.0 (Windows NT 10.0; Win64; x64) AppleWebKit/537.36 (KHTML, like Gecko) Chrome/81.0.4044.138 Safari/537.36"
::ffff:127.0.0.1 - - [23/May/2020:12:32:47 +0000] "GET /download-video?videoId=DCyx9MdbUvc&videoTitle=Dethemiros&channelName=Kemar HTTP/1.1" 200 126 "-" "Mozilla/5.0 (Windows NT 10.0; Win64; x64) AppleWebKit/537.36 (KHTML, like Gecko) Chrome/81.0.4044.138 Safari/537.36"
::1 - - [23/May/2020:12:35:37 +0000] "GET /download-video?videoId=DCyx9MdbUvc&videoTitle=Dethemiros&channelName=Kemar HTTP/1.1" 500 1578 "-" "Mozilla/5.0 (Windows NT 10.0; Win64; x64) AppleWebKit/537.36 (KHTML, like Gecko) Chrome/81.0.4044.138 Safari/537.36"
::1 - - [23/May/2020:12:36:12 +0000] "GET /download-video?videoId=DCyx9MdbUvc&videoTitle=Dethemiros&channelName=Kemar HTTP/1.1" 404 201 "-" "Mozilla/5.0 (Windows NT 10.0; Win64; x64) AppleWebKit/537.36 (KHTML, like Gecko) Chrome/81.0.4044.138 Safari/537.36"
::1 - - [23/May/2020:12:36:23 +0000] "GET /download-video?videoId=DCyx9MdbUvc&videoTitle=Dethemiros&channelName=Kemar HTTP/1.1" 500 1578 "-" "Mozilla/5.0 (Windows NT 10.0; Win64; x64) AppleWebKit/537.36 (KHTML, like Gecko) Chrome/81.0.4044.138 Safari/537.36"
::1 - - [23/May/2020:12:37:29 +0000] "GET /download-video?videoId=DCyx9MdbUvc&videoTitle=Dethemiros&channelName=Kemar HTTP/1.1" 200 - "-" "Mozilla/5.0 (Windows NT 10.0; Win64; x64) AppleWebKit/537.36 (KHTML, like Gecko) Chrome/81.0.4044.138 Safari/537.36"
::1 - - [23/May/2020:12:37:48 +0000] "GET /download-video?videoId=DCyx9MdbUvc&videoTitle=Dethemiros&channelName=Kemar HTTP/1.1" 200 - "http://localhost:8080/" "Mozilla/5.0 (Windows NT 10.0; Win64; x64) AppleWebKit/537.36 (KHTML, like Gecko) Chrome/81.0.4044.138 Safari/537.36"
::1 - - [23/May/2020:12:39:58 +0000] "GET /download-video?videoId=DCyx9MdbUvc&videoTitle=Dethemiros&channelName=Kemar HTTP/1.1" 200 4392199 "http://localhost:8080/" "Mozilla/5.0 (Windows NT 10.0; Win64; x64) AppleWebKit/537.36 (KHTML, like Gecko) Chrome/81.0.4044.138 Safari/537.36"
::1 - - [23/May/2020:12:40:20 +0000] "GET /download-video?videoId=DCyx9MdbUvc&videoTitle=Dethemiros&channelName=Kemar HTTP/1.1" 200 4392199 "http://localhost:8080/" "Mozilla/5.0 (Windows NT 10.0; Win64; x64) AppleWebKit/537.36 (KHTML, like Gecko) Chrome/81.0.4044.138 Safari/537.36"
